0 info it worked if it ends with ok
1 verbose cli [ 'D:\\Node\\\\node.exe',
1 verbose cli   'D:\\Node\\node_modules\\npm\\bin\\npm-cli.js',
1 verbose cli   'publish' ]
2 info using npm@2.7.0
3 info using node@v0.10.33
4 verbose node symlink D:\Node\\node.exe
5 verbose publish [ '.' ]
6 silly cache add args [ '.', null ]
7 verbose cache add spec .
8 silly cache add parsed spec { raw: '.',
8 silly cache add   scope: null,
8 silly cache add   name: null,
8 silly cache add   rawSpec: '.',
8 silly cache add   spec: 'D:\\Node\\MY MODULES\\natural-number',
8 silly cache add   type: 'directory' }
9 verbose addLocalDirectory C:\Users\TCM\AppData\Roaming\npm-cache\natural-number\1.0.1\package.tgz not in flight; packing
10 verbose tar pack [ 'C:\\Users\\TCM\\AppData\\Roaming\\npm-cache\\natural-number\\1.0.1\\package.tgz',
10 verbose tar pack   'D:\\Node\\MY MODULES\\natural-number' ]
11 verbose tarball C:\Users\TCM\AppData\Roaming\npm-cache\natural-number\1.0.1\package.tgz
12 verbose folder D:\Node\MY MODULES\natural-number
13 info prepublish natural-number@1.0.1
14 verbose addLocalTarball adding from inside cache C:\Users\TCM\AppData\Roaming\npm-cache\natural-number\1.0.1\package.tgz
15 silly cache afterAdd natural-number@1.0.1
16 verbose afterAdd C:\Users\TCM\AppData\Roaming\npm-cache\natural-number\1.0.1\package\package.json not in flight; writing
17 verbose afterAdd C:\Users\TCM\AppData\Roaming\npm-cache\natural-number\1.0.1\package\package.json written
18 silly publish { name: 'natural-number',
18 silly publish   version: '1.0.1',
18 silly publish   description: 'Utility to extract numbers and other related entities like dates from text',
18 silly publish   main: 'lib/natural-number.js',
18 silly publish   scripts: { test: 'echo "Error: no test specified" && exit 1' },
18 silly publish   repository:
18 silly publish    { type: 'git',
18 silly publish      url: 'https://github.com/mugendi/natural-number.git' },
18 silly publish   keywords:
18 silly publish    [ 'nlp',
18 silly publish      'number',
18 silly publish      'parse',
18 silly publish      'extract',
18 silly publish      'ner',
18 silly publish      'entities',
18 silly publish      'dates',
18 silly publish      'roman',
18 silly publish      'numbers',
18 silly publish      'AI',
18 silly publish      'artificial',
18 silly publish      'intelligence',
18 silly publish      'natural',
18 silly publish      'language' ],
18 silly publish   author: { name: 'Anthony Mugendi', url: 'ngurumugz@gmail.com' },
18 silly publish   license: 'MIT',
18 silly publish   bugs: { url: 'https://github.com/mugendi/natural-number/issues' },
18 silly publish   homepage: 'https://github.com/mugendi/natural-number',
18 silly publish   dependencies:
18 silly publish    { async: '^1.4.2',
18 silly publish      'js-quantities-all': '0.0.5',
18 silly publish      lodash: '^3.10.0',
18 silly publish      'multi-sentiment': '^1.0.1',
18 silly publish      'parse-abbrs': '^1.0.0',
18 silly publish      'parse-dates': '^1.0.2',
18 silly publish      'parse-emoji': '^1.0.0',
18 silly publish      'parse-numbers': '^1.0.1' },
18 silly publish   gitHead: '33e7a5faf241dd1c53556fa2a2744e4c3cc576ca',
18 silly publish   readme: 'ERROR: No README data found!',
18 silly publish   _id: 'natural-number@1.0.1',
18 silly publish   _shasum: 'b33fe66da576e97d7785692b586479a367c3d89e',
18 silly publish   _from: '.' }
19 silly mapToRegistry name natural-number
20 silly mapToRegistry using default registry
21 silly mapToRegistry registry https://registry.npmjs.org/
22 silly mapToRegistry uri https://registry.npmjs.org/natural-number
23 verbose publish registryBase https://registry.npmjs.org/
24 silly publish uploading C:\Users\TCM\AppData\Roaming\npm-cache\natural-number\1.0.1\package.tgz
25 verbose request uri https://registry.npmjs.org/natural-number
26 verbose request sending authorization for write operation
27 info attempt registry request try #1 at 03:12:27
28 verbose request using bearer token for auth
29 verbose request id a410878af7e58f94
30 http request PUT https://registry.npmjs.org/natural-number
31 http 403 https://registry.npmjs.org/natural-number
32 verbose headers { 'content-type': 'application/json',
32 verbose headers   'cache-control': 'max-age=60',
32 verbose headers   'content-length': '128',
32 verbose headers   'accept-ranges': 'bytes',
32 verbose headers   date: 'Mon, 31 Aug 2015 00:12:30 GMT',
32 verbose headers   via: '1.1 varnish',
32 verbose headers   connection: 'keep-alive',
32 verbose headers   'x-served-by': 'cache-sin6923-SIN',
32 verbose headers   'x-cache': 'MISS',
32 verbose headers   'x-cache-hits': '0',
32 verbose headers   'x-timer': 'S1440979947.864320,VS0,VE2641' }
33 verbose request invalidating C:\Users\TCM\AppData\Roaming\npm-cache\registry.npmjs.org\natural-number on PUT
34 error publish Failed PUT 403
35 verbose stack Error: "You cannot publish over the previously published version 1.0.1. Try bumping the version to 2.0.0" : natural-number
35 verbose stack     at CachingRegistryClient.<anonymous> (D:\Node\node_modules\npm\node_modules\npm-registry-client\lib\request.js:254:14)
35 verbose stack     at Request._callback (D:\Node\node_modules\npm\node_modules\npm-registry-client\lib\request.js:178:14)
35 verbose stack     at Request.self.callback (D:\Node\node_modules\npm\node_modules\request\request.js:344:22)
35 verbose stack     at Request.emit (events.js:98:17)
35 verbose stack     at Request.<anonymous> (D:\Node\node_modules\npm\node_modules\request\request.js:1239:14)
35 verbose stack     at Request.emit (events.js:117:20)
35 verbose stack     at IncomingMessage.<anonymous> (D:\Node\node_modules\npm\node_modules\request\request.js:1187:12)
35 verbose stack     at IncomingMessage.emit (events.js:117:20)
35 verbose stack     at _stream_readable.js:943:16
35 verbose stack     at process._tickCallback (node.js:419:13)
36 verbose statusCode 403
37 verbose pkgid natural-number
38 verbose cwd D:\Node\MY MODULES\natural-number
39 error Windows_NT 6.1.7601
40 error argv "D:\\Node\\\\node.exe" "D:\\Node\\node_modules\\npm\\bin\\npm-cli.js" "publish"
41 error node v0.10.33
42 error npm  v2.7.0
43 error code E403
44 error "You cannot publish over the previously published version 1.0.1. Try bumping the version to 2.0.0" : natural-number
45 error If you need help, you may report this error at:
45 error     <http://github.com/npm/npm/issues>
46 verbose exit [ 1, true ]
